TN:
SF:__tests__/mocks/responses.ts
FNF:0
FNH:0
DA:1,1
DA:3,1
LF:2
LH:2
BRF:0
BRH:0
end_of_record
TN:
SF:src/thumbnail.ts
FN:10,(anonymous_1)
FN:14,(anonymous_2)
FN:30,(anonymous_3)
FN:47,(anonymous_4)
FN:55,(anonymous_5)
FNF:5
FNH:5
FNDA:1,(anonymous_1)
FNDA:2,(anonymous_2)
FNDA:2,(anonymous_3)
FNDA:4,(anonymous_4)
FNDA:1,(anonymous_5)
DA:1,1
DA:3,1
DA:4,1
DA:5,1
DA:7,1
DA:11,1
DA:15,2
DA:16,2
DA:18,2
DA:20,1
DA:22,1
DA:24,1
DA:31,2
DA:46,2
DA:48,4
DA:52,1
DA:56,1
DA:57,1
DA:58,1
DA:64,1
DA:67,0
LF:21
LH:20
BRF:0
BRH:0
end_of_record
